<?xml version="1.0" encoding="UTF-8"?>
<testsuite xmlns:xsi="http://www.w3.org/2001/XMLSchema-instance" xsi:noNamespaceSchemaLocation="https://maven.apache.org/surefire/maven-surefire-plugin/xsd/surefire-test-report.xsd" name="com.github.kolomolo.service.openaiclient.integration.OpenAIClientControllerSecurityTest" time="14.631" tests="4" errors="0" skipped="0" failures="0">
  <properties>
[...]
</properties>
  <testcase name="transcriptionShouldAuthenticateWithTokenAndReturn200" classname="com.github.kolomolo.service.openaiclient.integration.OpenAIClientControllerSecurityTest" time="0.696"/>
  <testcase name="shouldAllowAccessToOpenApiAndReturn200" classname="com.github.kolomolo.service.openaiclient.integration.OpenAIClientControllerSecurityTest" time="0.137"/>
  <testcase name="chatShouldAuthenticateWithTokenAndReturn200" classname="com.github.kolomolo.service.openaiclient.integration.OpenAIClientControllerSecurityTest" time="0.176"/>
  <testcase name="shouldNotAllowAccessToUnauthenticatedUsers" classname="com.github.kolomolo.service.openaiclient.integration.OpenAIClientControllerSecurityTest" time="0.024"/>
</testsuite>